<INFO> 5-Jun-2017::15:43:51.540 ubuntu confd[15690]: confd embedded apps in early_phase0: []
<INFO> 5-Jun-2017::15:43:51.632 ubuntu confd[15690]: confd mmap_schema handle_info got msg: timeout
<INFO> 5-Jun-2017::15:43:51.637 ubuntu confd[15690]: confd embedded apps in phase0: []
<INFO> 5-Jun-2017::15:43:51.756 ubuntu confd[15690]: devel-cdb init files found in ./confd-cdb: aaa_init.xml
<INFO> 5-Jun-2017::15:43:51.789 ubuntu confd[15690]: devel-cdb Compacted CDB journal file: 0 ms (87 nodes in memory, disk size 1.43 KiB -> 1.39 KiB)
<INFO> 5-Jun-2017::15:43:51.794 ubuntu confd[15690]: confd embedded apps in phase1: []
<ERR> 5-Jun-2017::15:43:51.837 ubuntu confd[15690]: devel-aaa Module "tailf-webui" in access rule "any-group/tailf-webui-user" does not exist - ignoring rule
<INFO> 5-Jun-2017::15:43:51.849 ubuntu confd[15690]: confd embedded apps in phase2: []
<INFO> 5-Jun-2017::15:45:23.740 ubuntu confd[15747]: confd embedded apps in early_phase0: []
<INFO> 5-Jun-2017::15:45:23.829 ubuntu confd[15747]: confd mmap_schema handle_info got msg: timeout
<INFO> 5-Jun-2017::15:45:23.835 ubuntu confd[15747]: confd embedded apps in phase0: []
<INFO> 5-Jun-2017::15:45:23.873 ubuntu confd[15747]: devel-cdb Loaded oper data from ./confd-cdb/O.cdb (4 bytes data in 0.000s)
<INFO> 5-Jun-2017::15:45:23.901 ubuntu confd[15747]: devel-cdb Loaded schema file: ./confd-cdb/C.cdb (v3 from 6.3)
<INFO> 5-Jun-2017::15:45:23.902 ubuntu confd[15747]: devel-cdb Loaded configuration from ./confd-cdb/A.cdb (1.39 KiB data, 1 transaction in 0.000s)
<INFO> 5-Jun-2017::15:45:23.952 ubuntu confd[15747]: confd embedded apps in phase1: []
<ERR> 5-Jun-2017::15:45:24.005 ubuntu confd[15747]: devel-aaa Module "tailf-webui" in access rule "any-group/tailf-webui-user" does not exist - ignoring rule
<INFO> 5-Jun-2017::15:45:24.018 ubuntu confd[15747]: confd embedded apps in phase2: []
<INFO> 5-Jun-2017::15:46:25.917 ubuntu confd[15792]: confd embedded apps in early_phase0: []
<INFO> 5-Jun-2017::15:46:25.999 ubuntu confd[15792]: confd mmap_schema handle_info got msg: timeout
<INFO> 5-Jun-2017::15:46:26.006 ubuntu confd[15792]: confd embedded apps in phase0: []
<INFO> 5-Jun-2017::15:46:26.042 ubuntu confd[15792]: devel-cdb Loaded oper data from ./confd-cdb/O.cdb (4 bytes data in 0.000s)
<INFO> 5-Jun-2017::15:46:26.066 ubuntu confd[15792]: devel-cdb Loaded schema file: ./confd-cdb/C.cdb (v3 from 6.3)
<INFO> 5-Jun-2017::15:46:26.067 ubuntu confd[15792]: devel-cdb Loaded configuration from ./confd-cdb/A.cdb (1.39 KiB data, 1 transaction in 0.000s)
<INFO> 5-Jun-2017::15:46:26.118 ubuntu confd[15792]: confd embedded apps in phase1: []
<ERR> 5-Jun-2017::15:46:26.166 ubuntu confd[15792]: devel-aaa Module "tailf-webui" in access rule "any-group/tailf-webui-user" does not exist - ignoring rule
<INFO> 5-Jun-2017::15:46:26.179 ubuntu confd[15792]: confd embedded apps in phase2: []
<INFO> 5-Jun-2017::15:47:07.238 ubuntu confd[15859]: confd embedded apps in early_phase0: []
<INFO> 5-Jun-2017::15:47:07.330 ubuntu confd[15859]: confd mmap_schema handle_info got msg: timeout
<INFO> 5-Jun-2017::15:47:07.335 ubuntu confd[15859]: confd embedded apps in phase0: []
<INFO> 5-Jun-2017::15:47:07.372 ubuntu confd[15859]: devel-cdb Loaded oper data from ./confd-cdb/O.cdb (4 bytes data in 0.000s)
<INFO> 5-Jun-2017::15:47:07.399 ubuntu confd[15859]: devel-cdb Loaded schema file: ./confd-cdb/C.cdb (v3 from 6.3)
<INFO> 5-Jun-2017::15:47:07.399 ubuntu confd[15859]: devel-cdb Loaded configuration from ./confd-cdb/A.cdb (1.39 KiB data, 1 transaction in 0.000s)
<INFO> 5-Jun-2017::15:47:07.446 ubuntu confd[15859]: confd embedded apps in phase1: []
<ERR> 5-Jun-2017::15:47:07.499 ubuntu confd[15859]: devel-aaa Module "tailf-webui" in access rule "any-group/tailf-webui-user" does not exist - ignoring rule
<INFO> 5-Jun-2017::15:47:07.510 ubuntu confd[15859]: confd embedded apps in phase2: []
<INFO> 5-Jun-2017::15:48:28.537 ubuntu confd[15948]: confd embedded apps in early_phase0: []
<INFO> 5-Jun-2017::15:48:28.623 ubuntu confd[15948]: confd mmap_schema handle_info got msg: timeout
<INFO> 5-Jun-2017::15:48:28.628 ubuntu confd[15948]: confd embedded apps in phase0: []
<INFO> 5-Jun-2017::15:48:28.663 ubuntu confd[15948]: devel-cdb Loaded oper data from ./confd-cdb/O.cdb (4 bytes data in 0.000s)
<INFO> 5-Jun-2017::15:48:28.688 ubuntu confd[15948]: devel-cdb Loaded schema file: ./confd-cdb/C.cdb (v3 from 6.3)
<INFO> 5-Jun-2017::15:48:28.689 ubuntu confd[15948]: devel-cdb Loaded configuration from ./confd-cdb/A.cdb (1.39 KiB data, 1 transaction in 0.000s)
<INFO> 5-Jun-2017::15:48:28.741 ubuntu confd[15948]: confd embedded apps in phase1: []
<ERR> 5-Jun-2017::15:48:28.789 ubuntu confd[15948]: devel-aaa Module "tailf-webui" in access rule "any-group/tailf-webui-user" does not exist - ignoring rule
<INFO> 5-Jun-2017::15:48:28.805 ubuntu confd[15948]: confd embedded apps in phase2: []
<INFO> 5-Jun-2017::15:59:59.717 ubuntu confd[16239]: confd embedded apps in early_phase0: []
<INFO> 5-Jun-2017::15:59:59.805 ubuntu confd[16239]: confd mmap_schema handle_info got msg: timeout
<INFO> 5-Jun-2017::15:59:59.810 ubuntu confd[16239]: confd embedded apps in phase0: []
<INFO> 5-Jun-2017::15:59:59.852 ubuntu confd[16239]: devel-cdb Loaded oper data from ./confd-cdb/O.cdb (4 bytes data in 0.000s)
<INFO> 5-Jun-2017::15:59:59.877 ubuntu confd[16239]: devel-cdb Loaded schema file: ./confd-cdb/C.cdb (v3 from 6.3)
<INFO> 5-Jun-2017::15:59:59.878 ubuntu confd[16239]: devel-cdb Loaded configuration from ./confd-cdb/A.cdb (1.39 KiB data, 1 transaction in 0.000s)
<INFO> 5-Jun-2017::15:59:59.928 ubuntu confd[16239]: confd embedded apps in phase1: []
<ERR> 5-Jun-2017::15:59:59.982 ubuntu confd[16239]: devel-aaa Module "tailf-webui" in access rule "any-group/tailf-webui-user" does not exist - ignoring rule
<INFO> 5-Jun-2017::15:59:59.996 ubuntu confd[16239]: confd embedded apps in phase2: []
<INFO> 5-Jun-2017::16:03:47.343 ubuntu confd[16291]: confd embedded apps in early_phase0: []
<INFO> 5-Jun-2017::16:03:47.422 ubuntu confd[16291]: confd mmap_schema handle_info got msg: timeout
<INFO> 5-Jun-2017::16:03:47.430 ubuntu confd[16291]: confd embedded apps in phase0: []
<INFO> 5-Jun-2017::16:03:47.466 ubuntu confd[16291]: devel-cdb Loaded oper data from ./confd-cdb/O.cdb (4 bytes data in 0.000s)
<INFO> 5-Jun-2017::16:03:47.492 ubuntu confd[16291]: devel-cdb Loaded schema file: ./confd-cdb/C.cdb (v3 from 6.3)
<INFO> 5-Jun-2017::16:03:47.493 ubuntu confd[16291]: devel-cdb Loaded configuration from ./confd-cdb/A.cdb (1.39 KiB data, 1 transaction in 0.000s)
<INFO> 5-Jun-2017::16:03:47.545 ubuntu confd[16291]: confd embedded apps in phase1: []
<ERR> 5-Jun-2017::16:03:47.590 ubuntu confd[16291]: devel-aaa Module "tailf-webui" in access rule "any-group/tailf-webui-user" does not exist - ignoring rule
<INFO> 5-Jun-2017::16:03:47.604 ubuntu confd[16291]: confd embedded apps in phase2: []
<INFO> 5-Jun-2017::16:05:09.118 ubuntu confd[16362]: confd embedded apps in early_phase0: []
<INFO> 5-Jun-2017::16:05:09.204 ubuntu confd[16362]: confd mmap_schema handle_info got msg: timeout
<INFO> 5-Jun-2017::16:05:09.208 ubuntu confd[16362]: confd embedded apps in phase0: []
<INFO> 5-Jun-2017::16:05:09.246 ubuntu confd[16362]: devel-cdb Loaded oper data from ./confd-cdb/O.cdb (4 bytes data in 0.000s)
<INFO> 5-Jun-2017::16:05:09.270 ubuntu confd[16362]: devel-cdb Loaded schema file: ./confd-cdb/C.cdb (v3 from 6.3)
<INFO> 5-Jun-2017::16:05:09.271 ubuntu confd[16362]: devel-cdb Loaded configuration from ./confd-cdb/A.cdb (1.39 KiB data, 1 transaction in 0.000s)
<INFO> 5-Jun-2017::16:05:09.319 ubuntu confd[16362]: confd embedded apps in phase1: []
<ERR> 5-Jun-2017::16:05:09.369 ubuntu confd[16362]: devel-aaa Module "tailf-webui" in access rule "any-group/tailf-webui-user" does not exist - ignoring rule
<INFO> 5-Jun-2017::16:05:09.384 ubuntu confd[16362]: confd embedded apps in phase2: []
<INFO> 5-Jun-2017::16:06:41.675 ubuntu confd[16412]: confd embedded apps in early_phase0: []
<INFO> 5-Jun-2017::16:06:41.777 ubuntu confd[16412]: confd mmap_schema handle_info got msg: timeout
<INFO> 5-Jun-2017::16:06:41.781 ubuntu confd[16412]: confd embedded apps in phase0: []
<INFO> 5-Jun-2017::16:06:41.820 ubuntu confd[16412]: devel-cdb Loaded oper data from ./confd-cdb/O.cdb (4 bytes data in 0.000s)
<INFO> 5-Jun-2017::16:06:41.846 ubuntu confd[16412]: devel-cdb Loaded schema file: ./confd-cdb/C.cdb (v3 from 6.3)
<INFO> 5-Jun-2017::16:06:41.847 ubuntu confd[16412]: devel-cdb Loaded configuration from ./confd-cdb/A.cdb (1.39 KiB data, 1 transaction in 0.000s)
<INFO> 5-Jun-2017::16:06:41.896 ubuntu confd[16412]: confd embedded apps in phase1: []
<ERR> 5-Jun-2017::16:06:41.948 ubuntu confd[16412]: devel-aaa Module "tailf-webui" in access rule "any-group/tailf-webui-user" does not exist - ignoring rule
<INFO> 5-Jun-2017::16:06:41.962 ubuntu confd[16412]: confd embedded apps in phase2: []
<INFO> 5-Jun-2017::16:08:14.121 ubuntu confd[16462]: confd embedded apps in early_phase0: []
<INFO> 5-Jun-2017::16:08:14.202 ubuntu confd[16462]: confd mmap_schema handle_info got msg: timeout
<INFO> 5-Jun-2017::16:08:14.207 ubuntu confd[16462]: confd embedded apps in phase0: []
<INFO> 5-Jun-2017::16:08:14.242 ubuntu confd[16462]: devel-cdb Loaded oper data from ./confd-cdb/O.cdb (4 bytes data in 0.000s)
<INFO> 5-Jun-2017::16:08:14.268 ubuntu confd[16462]: devel-cdb Loaded schema file: ./confd-cdb/C.cdb (v3 from 6.3)
<INFO> 5-Jun-2017::16:08:14.269 ubuntu confd[16462]: devel-cdb Loaded configuration from ./confd-cdb/A.cdb (1.39 KiB data, 1 transaction in 0.000s)
<INFO> 5-Jun-2017::16:08:14.320 ubuntu confd[16462]: confd embedded apps in phase1: []
<ERR> 5-Jun-2017::16:08:14.364 ubuntu confd[16462]: devel-aaa Module "tailf-webui" in access rule "any-group/tailf-webui-user" does not exist - ignoring rule
<INFO> 5-Jun-2017::16:08:14.380 ubuntu confd[16462]: confd embedded apps in phase2: []
<INFO> 5-Jun-2017::16:23:25.419 ubuntu confd[16566]: confd embedded apps in early_phase0: []
<INFO> 5-Jun-2017::16:23:25.507 ubuntu confd[16566]: confd mmap_schema handle_info got msg: timeout
<INFO> 5-Jun-2017::16:23:25.512 ubuntu confd[16566]: confd embedded apps in phase0: []
<INFO> 5-Jun-2017::16:23:25.552 ubuntu confd[16566]: devel-cdb Loaded oper data from ./confd-cdb/O.cdb (4 bytes data in 0.000s)
<INFO> 5-Jun-2017::16:23:25.580 ubuntu confd[16566]: devel-cdb Loaded schema file: ./confd-cdb/C.cdb (v3 from 6.3)
<INFO> 5-Jun-2017::16:23:25.580 ubuntu confd[16566]: devel-cdb Loaded configuration from ./confd-cdb/A.cdb (1.39 KiB data, 1 transaction in 0.000s)
<INFO> 5-Jun-2017::16:23:25.633 ubuntu confd[16566]: confd embedded apps in phase1: []
<ERR> 5-Jun-2017::16:23:25.687 ubuntu confd[16566]: devel-aaa Module "tailf-webui" in access rule "any-group/tailf-webui-user" does not exist - ignoring rule
<INFO> 5-Jun-2017::16:23:25.700 ubuntu confd[16566]: confd embedded apps in phase2: []
