<INFO> 5-Jun-2017::15:48:29.066 ubuntu confd[15948]: netconf id=12 new ssh session for user "admin" from 127.0.0.1
<INFO> 5-Jun-2017::15:48:29.187 ubuntu confd[15948]: netconf id=12 got rpc: {urn:ietf:params:xml:ns:netconf:base:1.0}get-config attrs: message-id="urn:uuid:e90ec648-b71e-4daa-943e-f601e9dafe10"
<INFO> 5-Jun-2017::15:48:29.192 ubuntu confd[15948]: netconf id=12 get-config source=running attrs: message-id="urn:uuid:e90ec648-b71e-4daa-943e-f601e9dafe10"
<INFO> 5-Jun-2017::15:48:29.201 ubuntu confd[15948]: netconf id=12 sending rpc-reply, attrs: message-id="urn:uuid:e90ec648-b71e-4daa-943e-f601e9dafe10"
<INFO> 5-Jun-2017::15:48:29.310 ubuntu confd[15948]: netconf id=12 close-session attrs: message-id="urn:uuid:b2b09212-8aea-4c1d-a0ee-4c3314a7332a"
<INFO> 5-Jun-2017::15:48:29.311 ubuntu confd[15948]: netconf id=12 sending rpc-reply, attrs: message-id="urn:uuid:b2b09212-8aea-4c1d-a0ee-4c3314a7332a"
<INFO> 5-Jun-2017::16:00:00.245 ubuntu confd[16239]: netconf id=12 new ssh session for user "admin" from 127.0.0.1
<INFO> 5-Jun-2017::16:00:00.362 ubuntu confd[16239]: netconf id=12 got rpc: {urn:ietf:params:xml:ns:netconf:base:1.0}get-config attrs: message-id="urn:uuid:cef224d7-db4b-4c8f-9578-acc1603840bb"
<INFO> 5-Jun-2017::16:00:00.366 ubuntu confd[16239]: netconf id=12 get-config source=running attrs: message-id="urn:uuid:cef224d7-db4b-4c8f-9578-acc1603840bb"
<INFO> 5-Jun-2017::16:00:00.374 ubuntu confd[16239]: netconf id=12 sending rpc-reply, attrs: message-id="urn:uuid:cef224d7-db4b-4c8f-9578-acc1603840bb"
<INFO> 5-Jun-2017::16:00:00.483 ubuntu confd[16239]: netconf id=12 close-session attrs: message-id="urn:uuid:135fee4c-f1c3-4594-b192-748e33b76536"
<INFO> 5-Jun-2017::16:00:00.484 ubuntu confd[16239]: netconf id=12 sending rpc-reply, attrs: message-id="urn:uuid:135fee4c-f1c3-4594-b192-748e33b76536"
<INFO> 5-Jun-2017::16:03:47.842 ubuntu confd[16291]: netconf id=12 new ssh session for user "admin" from 127.0.0.1
<INFO> 5-Jun-2017::16:03:47.962 ubuntu confd[16291]: netconf id=12 got rpc: {urn:ietf:params:xml:ns:netconf:base:1.0}get-config attrs: message-id="urn:uuid:8aaf1034-3cf0-4086-8281-072542c12fb7"
<INFO> 5-Jun-2017::16:03:47.967 ubuntu confd[16291]: netconf id=12 get-config source=running attrs: message-id="urn:uuid:8aaf1034-3cf0-4086-8281-072542c12fb7"
<INFO> 5-Jun-2017::16:03:47.975 ubuntu confd[16291]: netconf id=12 sending rpc-reply, attrs: message-id="urn:uuid:8aaf1034-3cf0-4086-8281-072542c12fb7"
<INFO> 5-Jun-2017::16:03:48.084 ubuntu confd[16291]: netconf id=12 close-session attrs: message-id="urn:uuid:d47f7556-de0c-46aa-95cb-d8d8c43185ac"
<INFO> 5-Jun-2017::16:03:48.085 ubuntu confd[16291]: netconf id=12 sending rpc-reply, attrs: message-id="urn:uuid:d47f7556-de0c-46aa-95cb-d8d8c43185ac"
<INFO> 5-Jun-2017::16:05:09.620 ubuntu confd[16362]: netconf id=12 new ssh session for user "admin" from 127.0.0.1
<INFO> 5-Jun-2017::16:05:09.741 ubuntu confd[16362]: netconf id=12 got rpc: {urn:ietf:params:xml:ns:netconf:base:1.0}get-config attrs: message-id="urn:uuid:4b6d2938-e33e-4052-bfee-35c16cefd6d7"
<INFO> 5-Jun-2017::16:05:09.745 ubuntu confd[16362]: netconf id=12 get-config source=running attrs: message-id="urn:uuid:4b6d2938-e33e-4052-bfee-35c16cefd6d7"
<INFO> 5-Jun-2017::16:05:09.754 ubuntu confd[16362]: netconf id=12 sending rpc-reply, attrs: message-id="urn:uuid:4b6d2938-e33e-4052-bfee-35c16cefd6d7"
<INFO> 5-Jun-2017::16:05:09.864 ubuntu confd[16362]: netconf id=12 close-session attrs: message-id="urn:uuid:d287e9ad-2b84-4b75-b272-c80e0afec0bf"
<INFO> 5-Jun-2017::16:05:09.864 ubuntu confd[16362]: netconf id=12 sending rpc-reply, attrs: message-id="urn:uuid:d287e9ad-2b84-4b75-b272-c80e0afec0bf"
<INFO> 5-Jun-2017::16:06:42.196 ubuntu confd[16412]: netconf id=12 new ssh session for user "admin" from 127.0.0.1
<INFO> 5-Jun-2017::16:06:42.315 ubuntu confd[16412]: netconf id=12 got rpc: {urn:ietf:params:xml:ns:netconf:base:1.0}get-config attrs: message-id="urn:uuid:129efce1-af56-4a3e-a714-b920b3ed53bb"
<INFO> 5-Jun-2017::16:06:42.320 ubuntu confd[16412]: netconf id=12 get-config source=running attrs: message-id="urn:uuid:129efce1-af56-4a3e-a714-b920b3ed53bb"
<INFO> 5-Jun-2017::16:06:42.329 ubuntu confd[16412]: netconf id=12 sending rpc-reply, attrs: message-id="urn:uuid:129efce1-af56-4a3e-a714-b920b3ed53bb"
<INFO> 5-Jun-2017::16:06:42.439 ubuntu confd[16412]: netconf id=12 close-session attrs: message-id="urn:uuid:f1d6d505-a69d-48da-8dae-b8a7389bed6b"
<INFO> 5-Jun-2017::16:06:42.439 ubuntu confd[16412]: netconf id=12 sending rpc-reply, attrs: message-id="urn:uuid:f1d6d505-a69d-48da-8dae-b8a7389bed6b"
<INFO> 5-Jun-2017::16:08:14.640 ubuntu confd[16462]: netconf id=12 new ssh session for user "admin" from 127.0.0.1
<INFO> 5-Jun-2017::16:08:14.756 ubuntu confd[16462]: netconf id=12 got rpc: {urn:ietf:params:xml:ns:netconf:base:1.0}get-config attrs: message-id="urn:uuid:b3436182-54df-47c6-b79f-81ab39ee44b7"
<INFO> 5-Jun-2017::16:08:14.759 ubuntu confd[16462]: netconf id=12 get-config source=running attrs: message-id="urn:uuid:b3436182-54df-47c6-b79f-81ab39ee44b7"
<INFO> 5-Jun-2017::16:08:14.768 ubuntu confd[16462]: netconf id=12 sending rpc-reply, attrs: message-id="urn:uuid:b3436182-54df-47c6-b79f-81ab39ee44b7"
<INFO> 5-Jun-2017::16:08:14.877 ubuntu confd[16462]: netconf id=12 close-session attrs: message-id="urn:uuid:d3378b93-851b-4673-be85-c194965eb74c"
<INFO> 5-Jun-2017::16:08:14.877 ubuntu confd[16462]: netconf id=12 sending rpc-reply, attrs: message-id="urn:uuid:d3378b93-851b-4673-be85-c194965eb74c"
<INFO> 5-Jun-2017::16:23:25.951 ubuntu confd[16566]: netconf id=12 new ssh session for user "admin" from 127.0.0.1
<INFO> 5-Jun-2017::16:23:26.071 ubuntu confd[16566]: netconf id=12 got rpc: {urn:ietf:params:xml:ns:netconf:base:1.0}get-config attrs: message-id="urn:uuid:6a4d0055-9991-4bb1-9ffb-73a37cca8626"
<INFO> 5-Jun-2017::16:23:26.076 ubuntu confd[16566]: netconf id=12 get-config source=running attrs: message-id="urn:uuid:6a4d0055-9991-4bb1-9ffb-73a37cca8626"
<INFO> 5-Jun-2017::16:23:26.087 ubuntu confd[16566]: netconf id=12 sending rpc-reply, attrs: message-id="urn:uuid:6a4d0055-9991-4bb1-9ffb-73a37cca8626"
<INFO> 5-Jun-2017::16:23:26.196 ubuntu confd[16566]: netconf id=12 close-session attrs: message-id="urn:uuid:cc6b8a74-32bf-4db1-8a21-b64ac43808cb"
<INFO> 5-Jun-2017::16:23:26.196 ubuntu confd[16566]: netconf id=12 sending rpc-reply, attrs: message-id="urn:uuid:cc6b8a74-32bf-4db1-8a21-b64ac43808cb"
